\BOOKMARK [0][]{section*.1}{ACKNOWLEDGMENTS}{}% 1
\BOOKMARK [0][]{section*.2}{ABSTRACT}{}% 2
\BOOKMARK [0][]{toc.0}{TABLE OF CONTENTS}{}% 3
\BOOKMARK [0][]{section*.3}{LIST OF TABLES}{}% 4
\BOOKMARK [0][]{section*.4}{LIST OF FIGURES}{}% 5
\BOOKMARK [0][]{section*.5}{LIST OF ABBREVIATIONS}{}% 6
\BOOKMARK [0][]{chapter.1}{1 INTRODUCTION}{}% 7
\BOOKMARK [1][]{section.1.1}{1.1 Harmful Algal Blooms}{chapter.1}% 8
\BOOKMARK [1][]{section.1.2}{1.2 Goals and Aims}{chapter.1}% 9
\BOOKMARK [0][]{chapter.2}{2 METHODS}{}% 10
\BOOKMARK [1][]{section.2.1}{2.1 Water Sampling}{chapter.2}% 11
\BOOKMARK [1][]{section.2.2}{2.2 Analysis}{chapter.2}% 12
\BOOKMARK [2][]{subsection.2.2.1}{2.2.1 Liquid Chromatography Mass Spectrometry}{section.2.2}% 13
\BOOKMARK [2][]{subsection.2.2.2}{2.2.2 Enzyme Linked Immunosorbant Assay}{section.2.2}% 14
\BOOKMARK [2][]{subsection.2.2.3}{2.2.3 Nutrients}{section.2.2}% 15
\BOOKMARK [2][]{subsection.2.2.4}{2.2.4 Quantitative Polymerase Chain Reaction}{section.2.2}% 16
\BOOKMARK [1][]{section.2.3}{2.3 Watershed Characteristics}{chapter.2}% 17
\BOOKMARK [1][]{section.2.4}{2.4 Statistical Analysis}{chapter.2}% 18
\BOOKMARK [0][]{chapter.3}{3 RESULTS AND DISCUSSIONS}{}% 19
\BOOKMARK [1][]{section.3.1}{3.1 Toxins}{chapter.3}% 20
\BOOKMARK [1][]{section.3.2}{3.2 A Priori Hypothesis Test}{chapter.3}% 21
\BOOKMARK [1][]{section.3.3}{3.3 Exploratory Analysis}{chapter.3}% 22
\BOOKMARK [1][]{section.3.4}{3.4 Feature Selection}{chapter.3}% 23
\BOOKMARK [1][]{section.3.5}{3.5 Discussions}{chapter.3}% 24
\BOOKMARK [0][]{chapter.4}{4 CONCLUSION}{}% 25
\BOOKMARK [1][]{section*.27}{[0.3in][l]A. Statistical Summary Tables and Figures}{chapter.4}% 26
\BOOKMARK [1][]{section*.35}{[0.3in][l]B. Solid Phase Adsorption Toxin Tracking}{chapter.4}% 27
\BOOKMARK [2][]{section*.36}{[0.45in][l]B.1. SPATT}{section*.35}% 28
\BOOKMARK [2][]{section*.37}{[0.45in][l]B.2. Methods}{section*.35}% 29
\BOOKMARK [2][]{section*.38}{[0.45in][l]B.3. Results and Discussion}{section*.35}% 30
\BOOKMARK [2][]{section*.42}{[0.45in][l]B.4. Conclusion}{section*.35}% 31
\BOOKMARK [1][]{section*.43}{[0.3in][l]C. Lake Atlas}{chapter.4}% 32
\BOOKMARK [1][]{section*.73}{[0.3in][l]D. Geospatial Data Collection Guide Using Open Data Kit}{chapter.4}% 33
\BOOKMARK [2][]{section*.74}{[0.45in][l]D.1. Introduction}{section*.73}% 34
\BOOKMARK [2][]{section*.75}{[0.45in][l]D.2. Required Components}{section*.73}% 35
\BOOKMARK [2][]{section*.76}{[0.45in][l]D.3. Syntax}{section*.73}% 36
\BOOKMARK [2][]{section*.77}{[0.45in][l]D.4. Setup}{section*.73}% 37
\BOOKMARK [2][]{section*.78}{[0.45in][l]D.5. Secure Server}{section*.73}% 38
\BOOKMARK [2][]{section*.79}{[0.45in][l]D.6. Install ODK Aggregate}{section*.73}% 39
\BOOKMARK [2][]{section*.80}{[0.45in][l]D.7. Survey Forms}{section*.73}% 40
\BOOKMARK [2][]{section*.81}{[0.45in][l]D.8. ODK Collect App}{section*.73}% 41
\BOOKMARK [2][]{section*.82}{[0.45in][l]D.9. Conclusion}{section*.73}% 42
\BOOKMARK [0][]{section*.83}{REFERENCES}{}% 43
